<?xml version="1.0" encoding="UTF-8" ?>
<testsuite errors="0" failures="0" hostname="Vilde" name="data_classes.TeamTest" skipped="0" tests="12" time="0.054" timestamp="2015-12-06T21:29:56">
  <properties>
[...]
</properties>
  <testcase classname="data_classes.TeamTest" name="test_hasPlayer_playerNotAdded_shouldFail" time="0.001" />
  <testcase classname="data_classes.TeamTest" name="test_hasPlayerWithThisName_notAdded_shouldFail" time="0.0" />
  <testcase classname="data_classes.TeamTest" name="test_hasRoomForMorePlayers_hasOne_shouldSucceed" time="0.0" />
  <testcase classname="data_classes.TeamTest" name="test_GetTeamName_returnString" time="0.0" />
  <testcase classname="data_classes.TeamTest" name="test_hasPlayerWithThisName_addedPlayer_shouldSucceed" time="0.0" />
  <testcase classname="data_classes.TeamTest" name="test_GetTeamVenueName" time="0.0" />
  <testcase classname="data_classes.TeamTest" name="test_toStringOverride_EqualsName_shouldSucceed" time="0.0" />
  <testcase classname="data_classes.TeamTest" name="test_hasRoomForMorePlayers_isFull_shouldFail" time="0.0" />
  <testcase classname="data_classes.TeamTest" name="test_getPoints" time="0.0" />
  <testcase classname="data_classes.TeamTest" name="test_AddPlayer_NoMoreThanMaxSize" time="0.0" />
  <testcase classname="data_classes.TeamTest" name="test_hasPlayer_playerAdded_shouldSucceed" time="0.0" />
  <testcase classname="data_classes.TeamTest" name="test_hasRoomForMorePlayers_isEmpty_shouldSucceed" time="0.0" />
  <system-out><![CDATA[]]></system-out>
  <system-err><![CDATA[]]></system-err>
</testsuite>
